<?xml version="1.0" encoding="UTF-8"?>
<!-- Generated by org.testng.reporters.JUnitXMLReporter -->
<testsuite ignored="2" hostname="TYSS-Adarsh" failures="0" tests="4" name="Chrome browser test" time="95.638" errors="0" timestamp="2022-01-18T16:51:26 IST">
  <testcase classname="ContactTest.CreateContactTest" name="createConctact" time="15.938"/>
  <testcase classname="ContactTest.CreateContactTest" name="createContactWithLeadSource" time="16.224"/>
  <testcase classname="OrganizationTest.CreateOrganizationTest" name="createOrg" time="17.097"/>
  <testcase classname="OrganizationTest.CreateOrganizationTest" name="createOrgWithIndustry" time="15.723"/>
  <testcase classname="com.crm.comcast.GenricUtility.BaseClass" name="@AfterSuite configAs" time="0.0">
    <ignored/>
  </testcase> <!-- @AfterSuite configAs -->
  <testcase classname="com.crm.comcast.GenricUtility.BaseClass" name="@BeforeSuite configBs" time="0.0">
    <ignored/>
  </testcase> <!-- @BeforeSuite configBs -->
</testsuite> <!-- Chrome browser test -->
