<?xml version="1.0" encoding="UTF-8"?>
<!-- Generated by org.testng.reporters.JUnitXMLReporter -->
<testsuite ignored="4" hostname="TYSS-Adarsh" failures="0" tests="2" name="Test" time="46.677" errors="0" timestamp="2022-01-18T16:18:17 IST">
  <testcase classname="ContactTest.CreateContactTest" name="createConctact" time="14.309"/>
  <testcase classname="OrganizationTest.CreateOrganizationTest" name="createOrgWithIndustry" time="15.177"/>
  <testcase classname="com.crm.comcast.GenricUtility.BaseClass" name="@AfterSuite configAs" time="0.0">
    <ignored/>
  </testcase> <!-- @AfterSuite configAs -->
  <testcase classname="com.crm.comcast.GenricUtility.BaseClass" name="@BeforeSuite configBs" time="0.0">
    <ignored/>
  </testcase> <!-- @BeforeSuite configBs -->
  <testcase classname="OrganizationTest.CreateOrganizationTest" name="createOrg" time="0.0">
    <ignored/>
  </testcase> <!-- createOrg -->
  <testcase classname="ContactTest.CreateContactTest" name="createContactWithLeadSource" time="0.0">
    <ignored/>
  </testcase> <!-- createContactWithLeadSource -->
</testsuite> <!-- Test -->
