<?xml version="1.0" encoding="UTF-8"?>
<testng-results ignored="0" total="1" passed="1" failed="0" skipped="0">
  <reporter-output>
  </reporter-output>
  <suite started-at="2022-01-20T11:09:32 IST" name="Default suite" finished-at="2022-01-20T11:09:32 IST" duration-ms="49">
    <groups>
    </groups>
    <test started-at="2022-01-20T11:09:32 IST" name="Default test" finished-at="2022-01-20T11:09:32 IST" duration-ms="49">
      <class name="practice.DemoForTakingScreenShot">
        <test-method signature="sample()[pri:0, instance:practice.DemoForTakingScreenShot@d29f28]" started-at="2022-01-20T11:09:32 IST" name="sample" finished-at="2022-01-20T11:09:32 IST" duration-ms="17" status="PASS">
          <reporter-output>
          </reporter-output>
        </test-method> <!-- sample -->
      </class> <!-- practice.DemoForTakingScreenShot -->
    </test> <!-- Default test -->
  </suite> <!-- Default suite -->
</testng-results>
